Start testing: Jan 04 19:14 Paris, Madrid
----------------------------------------------------------
3/8 Testing: F4_Test.Is_Field
3/8 Test: F4_Test.Is_Field
Command: "C:/Users/cypri/Desktop/info/C++/projects/btc_horcrux/build/test_algebra.exe" "--gtest_filter=F4_Test.Is_Field" "--gtest_also_run_disabled_tests"
Directory: C:/Users/cypri/Desktop/info/C++/projects/btc_horcrux/build
"F4_Test.Is_Field" start time: Jan 04 19:14 Paris, Madrid
Output:
----------------------------------------------------------
Note: Google Test filter = F4_Test.Is_Field
[==========] Running 1 test from 1 test suite.
[----------] Global test environment set-up.
[----------] 1 test from F4_Test
[ RUN      ] F4_Test.Is_Field
[       OK ] F4_Test.Is_Field (0 ms)
[----------] 1 test from F4_Test (0 ms total)

[----------] Global test environment tear-down
[==========] 1 test from 1 test suite ran. (0 ms total)
[  PASSED  ] 1 test.
<end of output>
Test time =   0.06 sec
----------------------------------------------------------
Test Passed.
"F4_Test.Is_Field" end time: Jan 04 19:14 Paris, Madrid
"F4_Test.Is_Field" time elapsed: 00:00:00
----------------------------------------------------------

6/8 Testing: PolTest.Constructor
6/8 Test: PolTest.Constructor
Command: "C:/Users/cypri/Desktop/info/C++/projects/btc_horcrux/build/test_algebra.exe" "--gtest_filter=PolTest.Constructor" "--gtest_also_run_disabled_tests"
Directory: C:/Users/cypri/Desktop/info/C++/projects/btc_horcrux/build
"PolTest.Constructor" start time: Jan 04 19:14 Paris, Madrid
Output:
----------------------------------------------------------
Note: Google Test filter = PolTest.Constructor
[==========] Running 1 test from 1 test suite.
[----------] Global test environment set-up.
[----------] 1 test from PolTest
[ RUN      ] PolTest.Constructor
[       OK ] PolTest.Constructor (0 ms)
[----------] 1 test from PolTest (0 ms total)

[----------] Global test environment tear-down
[==========] 1 test from 1 test suite ran. (0 ms total)
[  PASSED  ] 1 test.
<end of output>
Test time =   0.04 sec
----------------------------------------------------------
Test Passed.
"PolTest.Constructor" end time: Jan 04 19:14 Paris, Madrid
"PolTest.Constructor" time elapsed: 00:00:00
----------------------------------------------------------

2/8 Testing: F4_Test.Has_Four_Elements
2/8 Test: F4_Test.Has_Four_Elements
Command: "C:/Users/cypri/Desktop/info/C++/projects/btc_horcrux/build/test_algebra.exe" "--gtest_filter=F4_Test.Has_Four_Elements" "--gtest_also_run_disabled_tests"
Directory: C:/Users/cypri/Desktop/info/C++/projects/btc_horcrux/build
"F4_Test.Has_Four_Elements" start time: Jan 04 19:14 Paris, Madrid
Output:
----------------------------------------------------------
Note: Google Test filter = F4_Test.Has_Four_Elements
[==========] Running 1 test from 1 test suite.
[----------] Global test environment set-up.
[----------] 1 test from F4_Test
[ RUN      ] F4_Test.Has_Four_Elements
[       OK ] F4_Test.Has_Four_Elements (0 ms)
[----------] 1 test from F4_Test (0 ms total)

[----------] Global test environment tear-down
[==========] 1 test from 1 test suite ran. (0 ms total)
[  PASSED  ] 1 test.
<end of output>
Test time =   0.04 sec
----------------------------------------------------------
Test Passed.
"F4_Test.Has_Four_Elements" end time: Jan 04 19:14 Paris, Madrid
"F4_Test.Has_Four_Elements" time elapsed: 00:00:00
----------------------------------------------------------

4/8 Testing: F4_Test.Operators_Concordance
4/8 Test: F4_Test.Operators_Concordance
Command: "C:/Users/cypri/Desktop/info/C++/projects/btc_horcrux/build/test_algebra.exe" "--gtest_filter=F4_Test.Operators_Concordance" "--gtest_also_run_disabled_tests"
Directory: C:/Users/cypri/Desktop/info/C++/projects/btc_horcrux/build
"F4_Test.Operators_Concordance" start time: Jan 04 19:14 Paris, Madrid
Output:
----------------------------------------------------------
Note: Google Test filter = F4_Test.Operators_Concordance
[==========] Running 1 test from 1 test suite.
[----------] Global test environment set-up.
[----------] 1 test from F4_Test
[ RUN      ] F4_Test.Operators_Concordance
[       OK ] F4_Test.Operators_Concordance (0 ms)
[----------] 1 test from F4_Test (0 ms total)

[----------] Global test environment tear-down
[==========] 1 test from 1 test suite ran. (0 ms total)
[  PASSED  ] 1 test.
<end of output>
Test time =   0.03 sec
----------------------------------------------------------
Test Passed.
"F4_Test.Operators_Concordance" end time: Jan 04 19:14 Paris, Madrid
"F4_Test.Operators_Concordance" time elapsed: 00:00:00
----------------------------------------------------------

7/8 Testing: PolTest.Addition
7/8 Test: PolTest.Addition
Command: "C:/Users/cypri/Desktop/info/C++/projects/btc_horcrux/build/test_algebra.exe" "--gtest_filter=PolTest.Addition" "--gtest_also_run_disabled_tests"
Directory: C:/Users/cypri/Desktop/info/C++/projects/btc_horcrux/build
"PolTest.Addition" start time: Jan 04 19:14 Paris, Madrid
Output:
----------------------------------------------------------
Note: Google Test filter = PolTest.Addition
[==========] Running 1 test from 1 test suite.
[----------] Global test environment set-up.
[----------] 1 test from PolTest
[ RUN      ] PolTest.Addition
[       OK ] PolTest.Addition (0 ms)
[----------] 1 test from PolTest (0 ms total)

[----------] Global test environment tear-down
[==========] 1 test from 1 test suite ran. (0 ms total)
[  PASSED  ] 1 test.
<end of output>
Test time =   0.04 sec
----------------------------------------------------------
Test Passed.
"PolTest.Addition" end time: Jan 04 19:14 Paris, Madrid
"PolTest.Addition" time elapsed: 00:00:00
----------------------------------------------------------

8/8 Testing: PolTest.Are_Groups
8/8 Test: PolTest.Are_Groups
Command: "C:/Users/cypri/Desktop/info/C++/projects/btc_horcrux/build/test_algebra.exe" "--gtest_filter=PolTest.Are_Groups" "--gtest_also_run_disabled_tests"
Directory: C:/Users/cypri/Desktop/info/C++/projects/btc_horcrux/build
"PolTest.Are_Groups" start time: Jan 04 19:14 Paris, Madrid
Output:
----------------------------------------------------------
Note: Google Test filter = PolTest.Are_Groups
[==========] Running 1 test from 1 test suite.
[----------] Global test environment set-up.
[----------] 1 test from PolTest
[ RUN      ] PolTest.Are_Groups
[       OK ] PolTest.Are_Groups (214 ms)
[----------] 1 test from PolTest (214 ms total)

[----------] Global test environment tear-down
[==========] 1 test from 1 test suite ran. (214 ms total)
[  PASSED  ] 1 test.
<end of output>
Test time =   0.23 sec
----------------------------------------------------------
Test Passed.
"PolTest.Are_Groups" end time: Jan 04 19:14 Paris, Madrid
"PolTest.Are_Groups" time elapsed: 00:00:00
----------------------------------------------------------

1/8 Testing: F4_Test.Constructor_Rejections
1/8 Test: F4_Test.Constructor_Rejections
Command: "C:/Users/cypri/Desktop/info/C++/projects/btc_horcrux/build/test_algebra.exe" "--gtest_filter=F4_Test.Constructor_Rejections" "--gtest_also_run_disabled_tests"
Directory: C:/Users/cypri/Desktop/info/C++/projects/btc_horcrux/build
"F4_Test.Constructor_Rejections" start time: Jan 04 19:14 Paris, Madrid
Output:
----------------------------------------------------------
Note: Google Test filter = F4_Test.Constructor_Rejections
[==========] Running 1 test from 1 test suite.
[----------] Global test environment set-up.
[----------] 1 test from F4_Test
[ RUN      ] F4_Test.Constructor_Rejections
[       OK ] F4_Test.Constructor_Rejections (767 ms)
[----------] 1 test from F4_Test (767 ms total)

[----------] Global test environment tear-down
[==========] 1 test from 1 test suite ran. (767 ms total)
[  PASSED  ] 1 test.
<end of output>
Test time =   0.79 sec
----------------------------------------------------------
Test Passed.
"F4_Test.Constructor_Rejections" end time: Jan 04 19:14 Paris, Madrid
"F4_Test.Constructor_Rejections" time elapsed: 00:00:00
----------------------------------------------------------

5/8 Testing: F4_Test.Division_By_Zero
5/8 Test: F4_Test.Division_By_Zero
Command: "C:/Users/cypri/Desktop/info/C++/projects/btc_horcrux/build/test_algebra.exe" "--gtest_filter=F4_Test.Division_By_Zero" "--gtest_also_run_disabled_tests"
Directory: C:/Users/cypri/Desktop/info/C++/projects/btc_horcrux/build
"F4_Test.Division_By_Zero" start time: Jan 04 19:14 Paris, Madrid
Output:
----------------------------------------------------------
Note: Google Test filter = F4_Test.Division_By_Zero
[==========] Running 1 test from 1 test suite.
[----------] Global test environment set-up.
[----------] 1 test from F4_Test
[ RUN      ] F4_Test.Division_By_Zero
[       OK ] F4_Test.Division_By_Zero (862 ms)
[----------] 1 test from F4_Test (862 ms total)

[----------] Global test environment tear-down
[==========] 1 test from 1 test suite ran. (862 ms total)
[  PASSED  ] 1 test.
<end of output>
Test time =   0.88 sec
----------------------------------------------------------
Test Passed.
"F4_Test.Division_By_Zero" end time: Jan 04 19:14 Paris, Madrid
"F4_Test.Division_By_Zero" time elapsed: 00:00:00
----------------------------------------------------------

End testing: Jan 04 19:14 Paris, Madrid
